<?xml version="1.0" encoding="UTF-8"?>
<!-- Generated by org.testng.reporters.JUnitXMLReporter -->
<testsuite hostname="KARTIKR01-PC" name="Test" tests="3" failures="0" timestamp="20 May 2020 20:06:40 GMT" time="12.227" errors="0">
  <testcase name="verifyMyProfile" time="8.761" classname="TestCases.LoginTestCases"/>
  <testcase name="loginpage" time="1.414" classname="TestCases.LoginTestCases"/>
  <testcase name="verifyerrormsg" time="0.496" classname="TestCases.LoginTestCases"/>
</testsuite> <!-- Test -->
