<?xml version="1.0" encoding="UTF-8"?>
<!-- Generated by org.testng.reporters.JUnitXMLReporter -->
<testsuite hostname="KARTIKR01-PC" name="Test" tests="3" failures="1" timestamp="20 May 2020 20:04:19 GMT" time="11.761" errors="0">
  <testcase name="verifyMyProfile" time="8.704" classname="TestCases.LoginTestCases"/>
  <testcase name="loginpage" time="1.412" classname="TestCases.LoginTestCases"/>
  <testcase name="verifyerrormsg" time="0.081" classname="TestCases.LoginTestCases">
    <failure type="java.lang.AssertionError" message="expected [Please enter valid Email ID/Mobile number1234] but found [Please enter valid Email ID/Mobile number]">
      <![CDATA[java.lang.AssertionError: expected [Please enter valid Email ID/Mobile number1234] but found [Please enter valid Email ID/Mobile number]
	at PageObjects.LoginPageObjectsFK.verifyerrormsg(LoginPageObjectsFK.java:91)
	at TestCases.LoginTestCases.verifyerrormsg(LoginTestCases.java:41)
	at java.util.concurrent.FutureTask.run(Unknown Source)
	at java.util.concurrent.ThreadPoolExecutor.runWorker(Unknown Source)
	at java.util.concurrent.ThreadPoolExecutor$Worker.run(Unknown Source)
	at java.lang.Thread.run(Unknown Source)
... Removed 22 stack frames]]>
    </failure>
  </testcase> <!-- verifyerrormsg -->
</testsuite> <!-- Test -->
