<?xml version="1.0" encoding="UTF-8"?>
<!-- Generated by org.testng.reporters.JUnitXMLReporter -->
<testsuite hostname="KARTIKR01-PC" name="Test" tests="3" failures="0" timestamp="20 May 2020 19:59:12 GMT" time="12.168" errors="0">
  <testcase name="verifyMyProfile" time="8.646" classname="TestCases.LoginTestCases"/>
  <testcase name="loginpage" time="1.378" classname="TestCases.LoginTestCases"/>
  <testcase name="verifyerrormsg" time="0.527" classname="TestCases.LoginTestCases"/>
</testsuite> <!-- Test -->
