<?xml version="1.0" encoding="UTF-8"?>
<testng-results skipped="4" failed="0" total="4" passed="0">
  <reporter-output>
  </reporter-output>
  <suite name="Suite" duration-ms="19" started-at="2020-06-10T18:03:19Z" finished-at="2020-06-10T18:03:19Z">
    <groups>
    </groups>
    <test name="Test" duration-ms="19" started-at="2020-06-10T18:03:19Z" finished-at="2020-06-10T18:03:19Z">
      <class name="TestCases.LoginTestCases">
        <test-method status="SKIP" signature="verifyMyProfile()[pri:1, instance:TestCases.LoginTestCases@531be3c5]" name="verifyMyProfile" duration-ms="2" started-at="2020-06-10T23:33:19Z" finished-at="2020-06-10T23:33:19Z">
          <reporter-output>
          </reporter-output>
        </test-method> <!-- verifyMyProfile -->
        <test-method status="SKIP" signature="tearDownMethod(org.testng.ITestResult)[pri:0, instance:TestCases.LoginTestCases@531be3c5]" name="tearDownMethod" is-config="true" duration-ms="0" started-at="2020-06-10T23:33:19Z" finished-at="2020-06-10T23:33:19Z">
          <reporter-output>
          </reporter-output>
        </test-method> <!-- tearDownMethod -->
        <test-method status="SKIP" signature="loginpage()[pri:2, instance:TestCases.LoginTestCases@531be3c5]" name="loginpage" duration-ms="0" started-at="2020-06-10T23:33:19Z" finished-at="2020-06-10T23:33:19Z">
          <reporter-output>
          </reporter-output>
        </test-method> <!-- loginpage -->
        <test-method status="SKIP" signature="tearDownMethod(org.testng.ITestResult)[pri:0, instance:TestCases.LoginTestCases@531be3c5]" name="tearDownMethod" is-config="true" duration-ms="0" started-at="2020-06-10T23:33:19Z" finished-at="2020-06-10T23:33:19Z">
          <reporter-output>
          </reporter-output>
        </test-method> <!-- tearDownMethod -->
        <test-method status="SKIP" signature="verifyerrormsg()[pri:3, instance:TestCases.LoginTestCases@531be3c5]" name="verifyerrormsg" duration-ms="0" started-at="2020-06-10T23:33:19Z" finished-at="2020-06-10T23:33:19Z">
          <reporter-output>
          </reporter-output>
        </test-method> <!-- verifyerrormsg -->
        <test-method status="SKIP" signature="tearDownMethod(org.testng.ITestResult)[pri:0, instance:TestCases.LoginTestCases@531be3c5]" name="tearDownMethod" is-config="true" duration-ms="0" started-at="2020-06-10T23:33:19Z" finished-at="2020-06-10T23:33:19Z">
          <reporter-output>
          </reporter-output>
        </test-method> <!-- tearDownMethod -->
        <test-method status="SKIP" signature="tearDownMethod(org.testng.ITestResult)[pri:0, instance:TestCases.LoginTestCases@531be3c5]" name="tearDownMethod" is-config="true" duration-ms="0" started-at="2020-06-10T23:33:19Z" finished-at="2020-06-10T23:33:19Z">
          <reporter-output>
          </reporter-output>
        </test-method> <!-- tearDownMethod -->
        <test-method status="SKIP" signature="invalidlogin()[pri:4, instance:TestCases.LoginTestCases@531be3c5]" name="invalidlogin" duration-ms="0" started-at="2020-06-10T23:33:19Z" finished-at="2020-06-10T23:33:19Z">
          <reporter-output>
          </reporter-output>
        </test-method> <!-- invalidlogin -->
      </class> <!-- TestCases.LoginTestCases -->
      <class name="TestCases.BaseClass">
        <test-method status="FAIL" signature="launchBrowser(java.lang.String, java.lang.String)[pri:0, instance:TestCases.BaseClass@3551a94]" name="launchBrowser" is-config="true" duration-ms="0" started-at="2020-06-10T23:33:19Z" finished-at="2020-06-10T23:33:19Z">
          <exception class="org.testng.TestNGException">
            <message>
              <![CDATA[
Parameter 'browser' is required by @Configuration on method launchBrowser but has not been marked @Optional or defined
in C:\workspace\QaAutomation\Flipkart\testng.xml]]>
            </message>
            <full-stacktrace>
              <![CDATA[org.testng.TestNGException: 
Parameter 'browser' is required by @Configuration on method launchBrowser but has not been marked @Optional or defined
in C:\workspace\QaAutomation\Flipkart\testng.xml
	at org.testng.internal.Parameters.createParameters(Parameters.java:154)
	at org.testng.internal.Parameters.createParameters(Parameters.java:361)
	at org.testng.internal.Parameters.createConfigurationParameters(Parameters.java:84)
	at org.testng.internal.Invoker.invokeConfigurations(Invoker.java:201)
	at org.testng.internal.Invoker.invokeConfigurations(Invoker.java:142)
	at org.testng.SuiteRunner.privateRun(SuiteRunner.java:305)
	at org.testng.SuiteRunner.run(SuiteRunner.java:268)
	at org.testng.SuiteRunnerWorker.runSuite(SuiteRunnerWorker.java:52)
	at org.testng.SuiteRunnerWorker.run(SuiteRunnerWorker.java:86)
	at org.testng.TestNG.runSuitesSequentially(TestNG.java:1244)
	at org.testng.TestNG.runSuitesLocally(TestNG.java:1169)
	at org.testng.TestNG.run(TestNG.java:1064)
	at org.testng.remote.RemoteTestNG.run(RemoteTestNG.java:113)
	at org.testng.remote.RemoteTestNG.initAndRun(RemoteTestNG.java:206)
	at org.testng.remote.RemoteTestNG.main(RemoteTestNG.java:177)
]]>
            </full-stacktrace>
          </exception> <!-- org.testng.TestNGException -->
          <reporter-output>
          </reporter-output>
        </test-method> <!-- launchBrowser -->
        <test-method status="SKIP" signature="tearDown()[pri:0, instance:TestCases.BaseClass@3551a94]" name="tearDown" is-config="true" duration-ms="0" started-at="2020-06-10T23:33:19Z" finished-at="2020-06-10T23:33:19Z">
          <reporter-output>
          </reporter-output>
        </test-method> <!-- tearDown -->
      </class> <!-- TestCases.BaseClass -->
    </test> <!-- Test -->
  </suite> <!-- Suite -->
</testng-results>
