<?xml version="1.0" encoding="UTF-8"?>
<testng-results skipped="0" failed="0" total="4" passed="4">
  <reporter-output>
  </reporter-output>
  <suite name="Failed suite [Failed suite [Suite]]" duration-ms="13180" started-at="2020-05-20T20:06:27Z" finished-at="2020-05-20T20:06:41Z">
    <groups>
    </groups>
    <test name="Test" duration-ms="12227" started-at="2020-05-20T20:06:27Z" finished-at="2020-05-20T20:06:40Z">
      <class name="TestCases.LoginTestCases">
        <test-method status="PASS" signature="verifyMyProfile()[pri:1, instance:TestCases.LoginTestCases@327471b5]" name="verifyMyProfile" duration-ms="8761" started-at="2020-05-21T01:36:27Z" finished-at="2020-05-21T01:36:36Z">
          <reporter-output>
          </reporter-output>
        </test-method> <!-- verifyMyProfile -->
        <test-method status="PASS" signature="tearDownMethod(org.testng.ITestResult)[pri:0, instance:TestCases.LoginTestCases@327471b5]" name="tearDownMethod" is-config="true" duration-ms="675" started-at="2020-05-21T01:36:36Z" finished-at="2020-05-21T01:36:37Z">
          <params>
            <param index="0">
              <value>
                <![CDATA[[TestResult name=verifyMyProfile status=SUCCESS method=LoginTestCases.verifyMyProfile()[pri:1, instance:TestCases.LoginTestCases@327471b5] output={null}]]]>
              </value>
            </param>
          </params>
          <reporter-output>
          </reporter-output>
        </test-method> <!-- tearDownMethod -->
        <test-method status="PASS" signature="loginpage()[pri:2, instance:TestCases.LoginTestCases@327471b5]" name="loginpage" duration-ms="1414" started-at="2020-05-21T01:36:37Z" finished-at="2020-05-21T01:36:38Z">
          <reporter-output>
          </reporter-output>
        </test-method> <!-- loginpage -->
        <test-method status="PASS" signature="tearDownMethod(org.testng.ITestResult)[pri:0, instance:TestCases.LoginTestCases@327471b5]" name="tearDownMethod" is-config="true" duration-ms="465" started-at="2020-05-21T01:36:38Z" finished-at="2020-05-21T01:36:39Z">
          <params>
            <param index="0">
              <value>
                <![CDATA[[TestResult name=loginpage status=SUCCESS method=LoginTestCases.loginpage()[pri:2, instance:TestCases.LoginTestCases@327471b5] output={null}]]]>
              </value>
            </param>
          </params>
          <reporter-output>
          </reporter-output>
        </test-method> <!-- tearDownMethod -->
        <test-method status="PASS" signature="verifyerrormsg()[pri:3, instance:TestCases.LoginTestCases@327471b5]" name="verifyerrormsg" duration-ms="496" started-at="2020-05-21T01:36:39Z" finished-at="2020-05-21T01:36:39Z">
          <reporter-output>
          </reporter-output>
        </test-method> <!-- verifyerrormsg -->
        <test-method status="PASS" signature="tearDownMethod(org.testng.ITestResult)[pri:0, instance:TestCases.LoginTestCases@327471b5]" name="tearDownMethod" is-config="true" duration-ms="406" started-at="2020-05-21T01:36:39Z" finished-at="2020-05-21T01:36:40Z">
          <params>
            <param index="0">
              <value>
                <![CDATA[[TestResult name=verifyerrormsg status=SUCCESS method=LoginTestCases.verifyerrormsg()[pri:3, instance:TestCases.LoginTestCases@327471b5] output={null}]]]>
              </value>
            </param>
          </params>
          <reporter-output>
          </reporter-output>
        </test-method> <!-- tearDownMethod -->
      </class> <!-- TestCases.LoginTestCases -->
    </test> <!-- Test -->
    <test name="Test(failed)" duration-ms="938" started-at="2020-05-20T20:06:40Z" finished-at="2020-05-20T20:06:41Z">
      <class name="TestCases.LoginTestCases">
        <test-method status="PASS" signature="launchBrowser()[pri:0, instance:TestCases.LoginTestCases@9f70c54]" name="launchBrowser" is-config="true" duration-ms="7926" started-at="2020-05-21T01:36:19Z" finished-at="2020-05-21T01:36:27Z">
          <reporter-output>
          </reporter-output>
        </test-method> <!-- launchBrowser -->
        <test-method status="PASS" signature="verifyerrormsg()[pri:3, instance:TestCases.LoginTestCases@9f70c54]" name="verifyerrormsg" duration-ms="490" started-at="2020-05-21T01:36:40Z" finished-at="2020-05-21T01:36:40Z">
          <reporter-output>
          </reporter-output>
        </test-method> <!-- verifyerrormsg -->
        <test-method status="PASS" signature="tearDownMethod(org.testng.ITestResult)[pri:0, instance:TestCases.LoginTestCases@9f70c54]" name="tearDownMethod" is-config="true" duration-ms="446" started-at="2020-05-21T01:36:40Z" finished-at="2020-05-21T01:36:41Z">
          <params>
            <param index="0">
              <value>
                <![CDATA[[TestResult name=verifyerrormsg status=SUCCESS method=LoginTestCases.verifyerrormsg()[pri:3, instance:TestCases.LoginTestCases@9f70c54] output={null}]]]>
              </value>
            </param>
          </params>
          <reporter-output>
          </reporter-output>
        </test-method> <!-- tearDownMethod -->
        <test-method status="PASS" signature="tearDown()[pri:0, instance:TestCases.LoginTestCases@9f70c54]" name="tearDown" is-config="true" duration-ms="611" started-at="2020-05-21T01:36:41Z" finished-at="2020-05-21T01:36:41Z">
          <reporter-output>
          </reporter-output>
        </test-method> <!-- tearDown -->
      </class> <!-- TestCases.LoginTestCases -->
    </test> <!-- Test(failed) -->
  </suite> <!-- Failed suite [Failed suite [Suite]] -->
</testng-results>
